make all --print-data-base --no-builtin-variables --no-builtin-rules --question
# GNU Make 3.81
# Copyright (C) 2006  Free Software Foundation, Inc.
# This is free software; see the source for copying conditions.
# There is NO warranty; not even for MERCHANTABILITY or FITNESS FOR A
# PARTICULAR PURPOSE.

# This program built for i386-apple-darwin11.3.0
 

# Make data base, printed on Tue Jun 21 11:51:07 2022

# Variables

# automatic
 
<D = $(patsubst %/,%,$(dir $<))
# automatic
?F = $(notdir $?)
# makefile (from `Makefile', line 3)
SRC = srcs/Server.cpp srcs/Request.cpp srcs/main.cpp srcs/parser_config/Token.cpp srcs/parser_config/Lexer.cpp srcs/parser_config/SetupServer.cpp srcs/parser_config/Parser.cpp srcs/parser_request/RequestInfo.cpp srcs/parser_request/LexerRe.cpp srcs/parser_request/ParserRe.cpp srcs/response/Response.cpp srcs/utilities/Utils.cpp srcs/cgi/CGI.cpp srcs/response/AutoIndex.cpp
# environment
VSCODE_LOG_NATIVE = false
# automatic
?D = $(patsubst %/,%,$(dir $?))
# automatic
@D = $(patsubst %/,%,$(dir $@))
# automatic
@F = $(notdir $@)
# makefile
CURDIR := /Users/mlabrayj/42_Cursus/webserv
# makefile
SHELL = /bin/sh
# environment
VSCODE_NLS_CONFIG = {"locale":"en-us","availableLanguages":{},"_languagePackSupport":true}
# environment
_ = /usr/bin/make
# makefile (from `Makefile', line 1)
MAKEFILE_LIST :=  Makefile
# environment
VSCODE_VERBOSE_LOGGING = true
# environment
VSCODE_IPC_HOOK_EXTHOST = /var/folders/zz/zyxvpxvq6csfxvn_n0000jth0004fm/T/vscode-ipc-fd5cab79-624a-49aa-8f58-b3381afbe2ce.sock
# environment
VSCODE_CWD = /
# environment
Apple_PubSub_Socket_Render = /private/tmp/com.apple.launchd.uISQdTFKti/Render
# environment
PATH = /Users/mlabrayj/.brew/bin:/usr/local/bin:/usr/bin:/bin:/usr/sbin:/sbin:/usr/local/munki
# environment
LSCOLORS = Gxfxcxdxbxegedabagacad
# environment
VSCODE_LOG_STACK = false
# environment
ELECTRON_RUN_AS_NODE = 1
# default
.FEATURES := target-specific order-only second-expansion else-if archives jobserver check-symlink
# environment
SSH_AUTH_SOCK = /private/tmp/com.apple.launchd.8C31HtmlcH/Listeners
# automatic
%F = $(notdir $%)
# environment
VSCODE_PIPE_LOGGING = true
# environment
PWD = /Users/mlabrayj/42_Cursus/webserv
# environment
ORIGINAL_XDG_CURRENT_DESKTOP = undefined
# environment
VSCODE_AMD_ENTRYPOINT = vs/workbench/api/node/extensionHostProcess
# environment
HOME = /Users/mlabrayj
# default
MAKEFILEPATH := /Applications/Xcode.app/Contents/Developer/Makefiles
# environment
VSCODE_CODE_CACHE_PATH = /Users/mlabrayj/Library/Application Support/Code/CachedData/4af164ea3a06f701fe3e89a2bcbb421d2026b68f
# environment
LOGNAME = mlabrayj
# environment
APPLICATION_INSIGHTS_NO_DIAGNOSTIC_CHANNEL = true
# environment
ZSH = /Users/mlabrayj/.oh-my-zsh
# environment
VSCODE_HANDLES_UNCAUGHT_ERRORS = true
# automatic
^D = $(patsubst %/,%,$(dir $^))
# environment
XPC_FLAGS = 0x0
# default
MAKE = $(MAKE_COMMAND)
# default
MAKECMDGOALS := all
# environment
SHLVL = 1
# default
MAKE_VERSION := 3.81
# environment
USER = mlabrayj
# makefile
.DEFAULT_GOAL := all
# makefile (from `Makefile', line 1)
NAME = webserv
# environment
LESS = -R
# automatic
%D = $(patsubst %/,%,$(dir $%))
# default
MAKE_COMMAND := /Applications/Xcode.app/Contents/Developer/usr/bin/make
# default
.VARIABLES := 
# environment
TMPDIR = /var/folders/zz/zyxvpxvq6csfxvn_n0000jth0004fm/T/
# automatic
*F = $(notdir $*)
# environment
VSCODE_IPC_HOOK = /Users/mlabrayj/Library/Application Support/Code/1.68.0-main.sock
# makefile
MAKEFLAGS = Rrqp
# environment
MFLAGS = -Rrqp
# automatic
*D = $(patsubst %/,%,$(dir $*))
# environment
XPC_SERVICE_NAME = com.apple.xpc.launchd.oneshot.0x10000006.Electron
# automatic
+D = $(patsubst %/,%,$(dir $+))
# automatic
+F = $(notdir $+)
# environment
__CF_USER_TEXT_ENCODING = 0x11D4:0x0:0x0
# environment
COMMAND_MODE = unix2003
# default
MAKEFILES := 
# automatic
<F = $(notdir $<)
# environment
PAGER = less
# environment
LC_ALL = C
# environment
SECURITYSESSIONID = 186a8
# automatic
^F = $(notdir $^)
# default
SUFFIXES := 
# default
.INCLUDE_DIRS = /usr/local/include
# environment
MAKELEVEL := 0
# environment
LANG = C
# environment
VSCODE_PID = 3807
# variable set hash-table stats:
# Load=69/1024=7%, Rehash=0, Collisions=1/100=1%

# Pattern-specific Variable Values

# No pattern-specific variable values.

# Directories

# . (device 16777227, inode 2564596): 13 files, no impossibilities.

# 13 files, no impossibilities in 1 directories.

# Implicit Rules

# No implicit rules.

# Files

all: webserv
#  Command-line target.
#  Implicit rule search has been done.
#  File does not exist.
#  File has been updated.
#  Needs to be updated (-q is set).
# variable set hash-table stats:
# Load=0/32=0%, Rehash=0, Collisions=0/4=0%

webserv: srcs/Server.cpp srcs/Request.cpp srcs/main.cpp srcs/parser_config/Token.cpp srcs/parser_config/Lexer.cpp srcs/parser_config/SetupServer.cpp srcs/parser_config/Parser.cpp srcs/parser_request/RequestInfo.cpp srcs/parser_request/LexerRe.cpp srcs/parser_request/ParserRe.cpp srcs/response/Response.cpp srcs/utilities/Utils.cpp srcs/cgi/CGI.cpp srcs/response/AutoIndex.cpp
#  Implicit rule search has not been done.
#  Implicit/static pattern stem: `'
#  File does not exist.
#  File has been updated.
#  Needs to be updated (-q is set).
# automatic
# @ := webserv
# automatic
# % := 
# automatic
# * := 
# automatic
# + := srcs/Server.cpp srcs/Request.cpp srcs/main.cpp srcs/parser_config/Token.cpp srcs/parser_config/Lexer.cpp srcs/parser_config/SetupServer.cpp srcs/parser_config/Parser.cpp srcs/parser_request/RequestInfo.cpp srcs/parser_request/LexerRe.cpp srcs/parser_request/ParserRe.cpp srcs/response/Response.cpp srcs/utilities/Utils.cpp srcs/cgi/CGI.cpp srcs/response/AutoIndex.cpp
# automatic
# | := 
# automatic
# < := srcs/Server.cpp
# automatic
# ^ := srcs/Server.cpp srcs/Request.cpp srcs/main.cpp srcs/parser_config/Token.cpp srcs/parser_config/Lexer.cpp srcs/parser_config/SetupServer.cpp srcs/parser_config/Parser.cpp srcs/parser_request/RequestInfo.cpp srcs/parser_request/LexerRe.cpp srcs/parser_request/ParserRe.cpp srcs/response/Response.cpp srcs/utilities/Utils.cpp srcs/cgi/CGI.cpp srcs/response/AutoIndex.cpp
# automatic
# ? := srcs/Server.cpp srcs/Request.cpp srcs/main.cpp srcs/parser_config/Token.cpp srcs/parser_config/Lexer.cpp srcs/parser_config/SetupServer.cpp srcs/parser_config/Parser.cpp srcs/parser_request/RequestInfo.cpp srcs/parser_request/LexerRe.cpp srcs/parser_request/ParserRe.cpp srcs/response/Response.cpp srcs/utilities/Utils.cpp srcs/cgi/CGI.cpp srcs/response/AutoIndex.cpp
# variable set hash-table stats:
# Load=8/32=25%, Rehash=0, Collisions=3/12=25%
#  commands to execute (from `Makefile', line 19):
	@c++ -Wall -Wextra -Werror $(SRC) -o $(NAME) 
	

# Not a target:
srcs/parser_config/Token.cpp:
#  Implicit rule search has been done.
#  Last modified 2022-06-20 16:01:51
#  File has been updated.
#  Successfully updated.
# variable set hash-table stats:
# Load=0/32=0%, Rehash=0, Collisions=0/0=0%

# Not a target:
.SUFFIXES:
#  Implicit rule search has not been done.
#  Modification time never checked.
#  File has not been updated.

push:
#  Implicit rule search has not been done.
#  Modification time never checked.
#  File has not been updated.
#  commands to execute (from `Makefile', line 31):
	git add .
	git commit -m "$(m)"
	git push origin
	

# Not a target:
srcs/cgi/CGI.cpp:
#  Implicit rule search has been done.
#  Last modified 2022-06-20 16:01:51
#  File has been updated.
#  Successfully updated.
# variable set hash-table stats:
# Load=0/32=0%, Rehash=0, Collisions=0/0=0%

# Not a target:
Makefile:
#  Implicit rule search has been done.
#  Last modified 2022-06-20 18:01:31
#  File has been updated.
#  Successfully updated.
# variable set hash-table stats:
# Load=0/32=0%, Rehash=0, Collisions=0/0=0%

test:
#  Implicit rule search has not been done.
#  Modification time never checked.
#  File has not been updated.
#  commands to execute (from `Makefile', line 36):
	@make re && ./webserv
	

# Not a target:
srcs/Server.cpp:
#  Implicit rule search has been done.
#  Last modified 2022-06-20 20:09:49
#  File has been updated.
#  Successfully updated.
# variable set hash-table stats:
# Load=0/32=0%, Rehash=0, Collisions=0/0=0%

# Not a target:
srcs/parser_config/SetupServer.cpp:
#  Implicit rule search has been done.
#  Last modified 2022-06-20 16:01:51
#  File has been updated.
#  Successfully updated.
# variable set hash-table stats:
# Load=0/32=0%, Rehash=0, Collisions=0/0=0%

# Not a target:
srcs/response/AutoIndex.cpp:
#  Implicit rule search has been done.
 
#  Last modified 2022-06-20 16:01:52
#  File has been updated.
#  Successfully updated.
# variable set hash-table stats:
# Load=0/32=0%, Rehash=0, Collisions=0/0=0%

# Not a target:
srcs/utilities/Utils.cpp:
#  Implicit rule search has been done.
#  Last modified 2022-06-20 20:06:07
#  File has been updated.
#  Successfully updated.
# variable set hash-table stats:
# Load=0/32=0%, Rehash=0, Collisions=0/0=0%

fclean: clean
#  Implicit rule search has not been done.
#  Modification time never checked.
#  File has not been updated.

# Not a target:
srcs/main.cpp:
#  Implicit rule search has been done.
#  Last modified 2022-06-20 16:01:51
#  File has been updated.
#  Successfully updated.
# variable set hash-table stats:
# Load=0/32=0%, Rehash=0, Collisions=0/0=0%

# Not a target:
srcs/Request.cpp:
#  Implicit rule search has been done.
#  Last modified 2022-06-20 18:56:40
#  File has been updated.
#  Successfully updated.
# variable set hash-table stats:
# Load=0/32=0%, Rehash=0, Collisions=0/0=0%

# Not a target:
srcs/parser_config/Parser.cpp:
#  Implicit rule search has been done.
#  Last modified 2022-06-20 16:01:51
#  File has been updated.
#  Successfully updated.
# variable set hash-table stats:
# Load=0/32=0%, Rehash=0, Collisions=0/0=0%

# Not a target:
.DEFAULT:
#  Implicit rule search has not been done.
#  Modification time never checked.
#  File has not been updated.

re: fclean all
#  Implicit rule search has not been done.
#  Modification time never checked.
#  File has not been updated.

clean:
#  Implicit rule search has not been done.
#  Modification time never checked.
#  File has not been updated.
#  commands to execute (from `Makefile', line 22):
	@ rm -rf *.gch
	@ rm -rf *.dSYM
	@ rm -rf $(NAME)
	

# Not a target:
srcs/parser_request/ParserRe.cpp:
#  Implicit rule search has been done.
#  Last modified 2022-06-20 16:01:52
#  File has been updated.
#  Successfully updated.
# variable set hash-table stats:
# Load=0/32=0%, Rehash=0, Collisions=0/0=0%

# Not a target:
srcs/parser_request/RequestInfo.cpp:
#  Implicit rule search has been done.
#  Last modified 2022-06-20 16:01:52
#  File has been updated.
#  Successfully updated.
# variable set hash-table stats:
# Load=0/32=0%, Rehash=0, Collisions=0/0=0%

# Not a target:
srcs/parser_config/Lexer.cpp:
#  Implicit rule search has been done.
#  Last modified 2022-06-20 16:01:51
#  File has been updated.
#  Successfully updated.
# variable set hash-table stats:
# Load=0/32=0%, Rehash=0, Collisions=0/0=0%

# Not a target:
srcs/response/Response.cpp:
#  Implicit rule search has been done.
#  Last modified 2022-06-20 20:07:15
#  File has been updated.
#  Successfully updated.
# variable set hash-table stats:
# Load=0/32=0%, Rehash=0, Collisions=0/0=0%

# Not a target:
srcs/parser_request/LexerRe.cpp:
#  Implicit rule search has been done.
#  Last modified 2022-06-20 16:01:52
#  File has been updated.
#  Successfully updated.
# variable set hash-table stats:
# Load=0/32=0%, Rehash=0, Collisions=0/0=0%

# files hash-table stats:
# Load=24/1024=2%, Rehash=0, Collisions=0/56=0%
# VPATH Search Paths

# No `vpath' search paths.

# No general (`VPATH' variable) search path.

# # of strings in strcache: 1
# # of strcache buffers: 1
# strcache size: total = 4096 / max = 4096 / min = 4096 / avg = 4096
# strcache free: total = 4087 / max = 4087 / min = 4087 / avg = 4087

# Finished Make data base on Tue Jun 21 11:51:07 2022

 
